This is pdfTeX, Version 3.141592653-2.6-1.40.23 (TeX Live 2021/W32TeX) (preloaded format=pdflatex 2021.12.11)  13 DEC 2021 19:50
entering extended mode
 restricted \write18 enabled.
 %&-line parsing enabled.
**Template.tex
(./Template.tex
LaTeX2e <2021-11-15> patch level 1
L3 programming layer <2021-11-22>
(d:/texlive/2021/texmf-dist/tex/latex/extsizes/extarticle.cls
Document Class: extarticle 1996/10/08 v1.0 Non Standard LaTeX document class
(d:/texlive/2021/texmf-dist/tex/latex/extsizes/size14.clo
File: size14.clo 1999/11/11 v1.4a NON-Standard LaTeX file (size option)
)
(d:/texlive/2021/texmf-dist/tex/latex/base/exscale.sty
Package: exscale 2018/09/24 v2.1i Standard LaTeX package exscale
LaTeX Font Info:    Redeclaring symbol font `largesymbols' on input line 57.
LaTeX Font Info:    Overwriting symbol font `largesymbols' in version `normal'
(Font)                  OMX/cmex/m/n --> OMX/cmex/m/n on input line 57.
LaTeX Font Info:    Overwriting symbol font `largesymbols' in version `bold'
(Font)                  OMX/cmex/m/n --> OMX/cmex/m/n on input line 57.
\big@size=\dimen138
)
\c@part=\count183
\c@section=\count184
\c@subsection=\count185
\c@subsubsection=\count186
\c@paragraph=\count187
\c@subparagraph=\count188
\c@figure=\count189
\c@table=\count190
\abovecaptionskip=\skip47
\belowcaptionskip=\skip48
\bibindent=\dimen139
)
(d:/texlive/2021/texmf-dist/tex/latex/geometry/geometry.sty
Package: geometry 2020/01/02 v5.9 Page Geometry

(d:/texlive/2021/texmf-dist/tex/latex/graphics/keyval.sty
Package: keyval 2014/10/28 v1.15 key=value parser (DPC)
\KV@toks@=\toks16
)
(d:/texlive/2021/texmf-dist/tex/generic/iftex/ifvtex.sty
Package: ifvtex 2019/10/25 v1.7 ifvtex legacy package. Use iftex instead.

(d:/texlive/2021/texmf-dist/tex/generic/iftex/iftex.sty
Package: iftex 2020/03/06 v1.0d TeX engine tests
))
\Gm@cnth=\count191
\Gm@cntv=\count192
\c@Gm@tempcnt=\count193
\Gm@bindingoffset=\dimen140
\Gm@wd@mp=\dimen141
\Gm@odd@mp=\dimen142
\Gm@even@mp=\dimen143
\Gm@layoutwidth=\dimen144
\Gm@layoutheight=\dimen145
\Gm@layouthoffset=\dimen146
\Gm@layoutvoffset=\dimen147
\Gm@dimlist=\toks17
)
(d:/texlive/2021/texmf-dist/tex/latex/base/inputenc.sty
Package: inputenc 2021/02/14 v1.3d Input encoding file
\inpenc@prehook=\toks18
\inpenc@posthook=\toks19

(d:/texlive/2021/texmf-dist/tex/latex/ucs/utf8x.def
File: utf8x.def 2004/10/17 UCS: Input encoding UTF-8
))
(d:/texlive/2021/texmf-dist/tex/latex/ucs/ucs.sty
Package: ucs 2013/05/11 v2.2 UCS: Unicode input support

(d:/texlive/2021/texmf-dist/tex/latex/ucs/data/uni-global.def
File: uni-global.def 2013/05/13 UCS: Unicode global data
)
\uc@secondtry=\count194
\uc@combtoks=\toks20
\uc@combtoksb=\toks21
\uc@temptokena=\toks22
)
(d:/texlive/2021/texmf-dist/tex/latex/base/fontenc.sty
Package: fontenc 2021/04/29 v2.0v Standard LaTeX package

(d:/texlive/2021/texmf-dist/tex/latex/cyrillic/t2aenc.def
File: t2aenc.def 2005/09/27 v1.0i Cyrillic encoding definition file
)
LaTeX Font Info:    Trying to load font information for T2A+cmr on input line 1
12.

(d:/texlive/2021/texmf-dist/tex/latex/cyrillic/t2acmr.fd
File: t2acmr.fd 2001/08/11 v1.0a Computer Modern Cyrillic font definitions
))
(d:/texlive/2021/texmf-dist/tex/generic/babel/babel.sty
Package: babel 2021/11/29 3.67 The Babel package
\babel@savecnt=\count195
\U@D=\dimen148
\l@unhyphenated=\language48

(d:/texlive/2021/texmf-dist/tex/generic/babel/txtbabel.def)
\bbl@readstream=\read2
\bbl@dirlevel=\count196

(d:/texlive/2021/texmf-dist/tex/generic/babel-english/english.ldf
Language: english 2017/06/06 v3.3r English support from the babel system
Package babel Info: Hyphen rules for 'canadian' set to \l@english
(babel)             (\language0). Reported on input line 102.
Package babel Info: Hyphen rules for 'australian' set to \l@ukenglish
(babel)             (\language11). Reported on input line 105.
Package babel Info: Hyphen rules for 'newzealand' set to \l@ukenglish
(babel)             (\language11). Reported on input line 108.
)
(d:/texlive/2021/texmf-dist/tex/generic/babel-russian/russianb.ldf
File: russianb.ldf 2021/01/10 1.3m Russian support for the Babel system
Language: russian 2020/09/09 1.3k Russian support for the Babel system


Package babel Warning: No hyphenation patterns were preloaded for
(babel)                the language 'Russian' into the format.
(babel)                Please, configure your TeX system to add them and
(babel)                rebuild the format. Now I will use the patterns
(babel)                preloaded for \language=0 instead on input line 32.

Package babel Info: Hyphen rules for 'russian' set to \l@english
(babel)             (\language0). Reported on input line 33.
Package babel Info: Making " an active character on input line 124.
Package babel Info: Default for \cyrdash is provided on input line 163.
)) (d:/texlive/2021/texmf-dist/tex/latex/amsmath/amsmath.sty
Package: amsmath 2021/10/15 v2.17l AMS math features
\@mathmargin=\skip49

For additional information on amsmath, use the `?' option.
(d:/texlive/2021/texmf-dist/tex/latex/amsmath/amstext.sty
Package: amstext 2021/08/26 v2.01 AMS text

(d:/texlive/2021/texmf-dist/tex/latex/amsmath/amsgen.sty
File: amsgen.sty 1999/11/30 v2.0 generic functions
\@emptytoks=\toks23
\ex@=\dimen149
))
(d:/texlive/2021/texmf-dist/tex/latex/amsmath/amsbsy.sty
Package: amsbsy 1999/11/29 v1.2d Bold Symbols
\pmbraise@=\dimen150
)
(d:/texlive/2021/texmf-dist/tex/latex/amsmath/amsopn.sty
Package: amsopn 2021/08/26 v2.02 operator names
)
\inf@bad=\count197
LaTeX Info: Redefining \frac on input line 234.
\uproot@=\count198
\leftroot@=\count199
LaTeX Info: Redefining \overline on input line 399.
\classnum@=\count266
\DOTSCASE@=\count267
LaTeX Info: Redefining \ldots on input line 496.
LaTeX Info: Redefining \dots on input line 499.
LaTeX Info: Redefining \cdots on input line 620.
\Mathstrutbox@=\box50
\strutbox@=\box51
\big@size=\dimen151
LaTeX Font Info:    Redeclaring font encoding OML on input line 743.
LaTeX Font Info:    Redeclaring font encoding OMS on input line 744.
\macc@depth=\count268
\c@MaxMatrixCols=\count269
\dotsspace@=\muskip16
\c@parentequation=\count270
\dspbrk@lvl=\count271
\tag@help=\toks24
\row@=\count272
\column@=\count273
\maxfields@=\count274
\andhelp@=\toks25
\eqnshift@=\dimen152
\alignsep@=\dimen153
\tagshift@=\dimen154
\tagwidth@=\dimen155
\totwidth@=\dimen156
\lineht@=\dimen157
\@envbody=\toks26
\multlinegap=\skip50
\multlinetaggap=\skip51
\mathdisplay@stack=\toks27
LaTeX Info: Redefining \[ on input line 2938.
LaTeX Info: Redefining \] on input line 2939.
)
(d:/texlive/2021/texmf-dist/tex/latex/amsfonts/amssymb.sty
Package: amssymb 2013/01/14 v3.01 AMS font symbols

(d:/texlive/2021/texmf-dist/tex/latex/amsfonts/amsfonts.sty
Package: amsfonts 2013/01/14 v3.01 Basic AMSFonts support
\symAMSa=\mathgroup4
\symAMSb=\mathgroup5
LaTeX Font Info:    Redeclaring math symbol \hbar on input line 98.
LaTeX Font Info:    Overwriting math alphabet `\mathfrak' in version `bold'
(Font)                  U/euf/m/n --> U/euf/b/n on input line 106.
))
(d:/texlive/2021/texmf-dist/tex/latex/graphics/color.sty
Package: color 2021/10/11 v1.3b Standard LaTeX Color (DPC)

(d:/texlive/2021/texmf-dist/tex/latex/graphics-cfg/color.cfg
File: color.cfg 2016/01/02 v1.6 sample color configuration
)
Package color Info: Driver file: pdftex.def on input line 149.

(d:/texlive/2021/texmf-dist/tex/latex/graphics-def/pdftex.def
File: pdftex.def 2020/10/05 v1.2a Graphics/color driver for pdftex
))
(d:/texlive/2021/texmf-dist/tex/latex/hyperref/hyperref.sty
Package: hyperref 2021-06-07 v7.00m Hypertext links for LaTeX

(d:/texlive/2021/texmf-dist/tex/generic/ltxcmds/ltxcmds.sty
Package: ltxcmds 2020-05-10 v1.25 LaTeX kernel commands for general use (HO)
)
(d:/texlive/2021/texmf-dist/tex/generic/pdftexcmds/pdftexcmds.sty
Package: pdftexcmds 2020-06-27 v0.33 Utility functions of pdfTeX for LuaTeX (HO
)

(d:/texlive/2021/texmf-dist/tex/generic/infwarerr/infwarerr.sty
Package: infwarerr 2019/12/03 v1.5 Providing info/warning/error messages (HO)
)
Package pdftexcmds Info: \pdf@primitive is available.
Package pdftexcmds Info: \pdf@ifprimitive is available.
Package pdftexcmds Info: \pdfdraftmode found.
)
(d:/texlive/2021/texmf-dist/tex/generic/kvsetkeys/kvsetkeys.sty
Package: kvsetkeys 2019/12/15 v1.18 Key value parser (HO)
)
(d:/texlive/2021/texmf-dist/tex/generic/kvdefinekeys/kvdefinekeys.sty
Package: kvdefinekeys 2019-12-19 v1.6 Define keys (HO)
)
(d:/texlive/2021/texmf-dist/tex/generic/pdfescape/pdfescape.sty
Package: pdfescape 2019/12/09 v1.15 Implements pdfTeX's escape features (HO)
)
(d:/texlive/2021/texmf-dist/tex/latex/hycolor/hycolor.sty
Package: hycolor 2020-01-27 v1.10 Color options for hyperref/bookmark (HO)
)
(d:/texlive/2021/texmf-dist/tex/latex/letltxmacro/letltxmacro.sty
Package: letltxmacro 2019/12/03 v1.6 Let assignment for LaTeX macros (HO)
)
(d:/texlive/2021/texmf-dist/tex/latex/auxhook/auxhook.sty
Package: auxhook 2019-12-17 v1.6 Hooks for auxiliary files (HO)
)
(d:/texlive/2021/texmf-dist/tex/latex/kvoptions/kvoptions.sty
Package: kvoptions 2020-10-07 v3.14 Key value format for package options (HO)
)
\@linkdim=\dimen158
\Hy@linkcounter=\count275
\Hy@pagecounter=\count276

(d:/texlive/2021/texmf-dist/tex/latex/hyperref/pd1enc.def
File: pd1enc.def 2021-06-07 v7.00m Hyperref: PDFDocEncoding definition (HO)
)
(d:/texlive/2021/texmf-dist/tex/latex/hyperref/hyperref-langpatches.def
File: hyperref-langpatches.def 2021-06-07 v7.00m Hyperref: patches for babel la
nguages
)
(d:/texlive/2021/texmf-dist/tex/generic/intcalc/intcalc.sty
Package: intcalc 2019/12/15 v1.3 Expandable calculations with integers (HO)
)
(d:/texlive/2021/texmf-dist/tex/generic/etexcmds/etexcmds.sty
Package: etexcmds 2019/12/15 v1.7 Avoid name clashes with e-TeX commands (HO)
)
\Hy@SavedSpaceFactor=\count277

(d:/texlive/2021/texmf-dist/tex/latex/hyperref/puenc.def
File: puenc.def 2021-06-07 v7.00m Hyperref: PDF Unicode definition (HO)
)
Package hyperref Info: Option `unicode' set `true' on input line 3167.
Package hyperref Info: Hyper figures OFF on input line 4192.
Package hyperref Info: Link nesting OFF on input line 4197.
Package hyperref Info: Hyper index ON on input line 4200.
Package hyperref Info: Plain pages OFF on input line 4207.
Package hyperref Info: Backreferencing OFF on input line 4212.
Package hyperref Info: Implicit mode ON; LaTeX internals redefined.
Package hyperref Info: Bookmarks ON on input line 4445.
\c@Hy@tempcnt=\count278

(d:/texlive/2021/texmf-dist/tex/latex/url/url.sty
\Urlmuskip=\muskip17
Package: url 2013/09/16  ver 3.4  Verb mode for urls, etc.
)
LaTeX Info: Redefining \url on input line 4804.
\XeTeXLinkMargin=\dimen159

(d:/texlive/2021/texmf-dist/tex/generic/bitset/bitset.sty
Package: bitset 2019/12/09 v1.3 Handle bit-vector datatype (HO)

(d:/texlive/2021/texmf-dist/tex/generic/bigintcalc/bigintcalc.sty
Package: bigintcalc 2019/12/15 v1.5 Expandable calculations on big integers (HO
)
))
\Fld@menulength=\count279
\Field@Width=\dimen160
\Fld@charsize=\dimen161
Package hyperref Info: Hyper figures OFF on input line 6076.
Package hyperref Info: Link nesting OFF on input line 6081.
Package hyperref Info: Hyper index ON on input line 6084.
Package hyperref Info: backreferencing OFF on input line 6091.
Package hyperref Info: Link coloring OFF on input line 6096.
Package hyperref Info: Link coloring with OCG OFF on input line 6101.
Package hyperref Info: PDF/A mode OFF on input line 6106.
LaTeX Info: Redefining \ref on input line 6146.
LaTeX Info: Redefining \pageref on input line 6150.

(d:/texlive/2021/texmf-dist/tex/latex/base/atbegshi-ltx.sty
Package: atbegshi-ltx 2021/01/10 v1.0c Emulation of the original atbegshi
package with kernel methods
)
\Hy@abspage=\count280
\c@Item=\count281
\c@Hfootnote=\count282
)
Package hyperref Info: Driver (autodetected): hpdftex.

(d:/texlive/2021/texmf-dist/tex/latex/hyperref/hpdftex.def
File: hpdftex.def 2021-06-07 v7.00m Hyperref driver for pdfTeX

(d:/texlive/2021/texmf-dist/tex/latex/base/atveryend-ltx.sty
Package: atveryend-ltx 2020/08/19 v1.0a Emulation of the original atveryend pac
kage
with kernel methods
)
\Fld@listcount=\count283
\c@bookmark@seq@number=\count284

(d:/texlive/2021/texmf-dist/tex/latex/rerunfilecheck/rerunfilecheck.sty
Package: rerunfilecheck 2019/12/05 v1.9 Rerun checks for auxiliary files (HO)

(d:/texlive/2021/texmf-dist/tex/generic/uniquecounter/uniquecounter.sty
Package: uniquecounter 2019/12/15 v1.4 Provide unlimited unique counter (HO)
)
Package uniquecounter Info: New unique counter `rerunfilecheck' on input line 2
86.
)
\Hy@SectionHShift=\skip52
)
(./sagetex.sty
Package: sagetex 2020/08/12 v3.5 embedding Sage into LaTeX documents
 (d:/texlive/2021/texmf-dist/tex/latex/tools/verbatim.sty
Package: verbatim 2020-07-07 v1.5u LaTeX2e package for verbatim enhancements
\every@verbatim=\toks28
\verbatim@line=\toks29
\verbatim@in@stream=\read3
)
(d:/texlive/2021/texmf-dist/tex/latex/fancyvrb/fancyvrb.sty
Package: fancyvrb 2021/11/24~ 4.1a~verbatim text (tvz,hv)
\FV@CodeLineNo=\count285
\FV@InFile=\read4
\FV@TabBox=\box52
\c@FancyVerbLine=\count286
\FV@StepNumber=\count287
\FV@OutFile=\write3
)
(d:/texlive/2021/texmf-dist/tex/latex/listings/listings.sty
\lst@mode=\count288
\lst@gtempboxa=\box53
\lst@token=\toks30
\lst@length=\count289
\lst@currlwidth=\dimen162
\lst@column=\count290
\lst@pos=\count291
\lst@lostspace=\dimen163
\lst@width=\dimen164
\lst@newlines=\count292
\lst@lineno=\count293
\lst@maxwidth=\dimen165

(d:/texlive/2021/texmf-dist/tex/latex/listings/lstmisc.sty
File: lstmisc.sty 2020/03/24 1.8d (Carsten Heinz)
\c@lstnumber=\count294
\lst@skipnumbers=\count295
\lst@framebox=\box54
)
(d:/texlive/2021/texmf-dist/tex/latex/listings/listings.cfg
File: listings.cfg 2020/03/24 1.8d listings configuration
))
Package: listings 2020/03/24 1.8d (Carsten Heinz)

(d:/texlive/2021/texmf-dist/tex/latex/graphics/graphicx.sty
Package: graphicx 2021/09/16 v1.2d Enhanced LaTeX Graphics (DPC,SPQR)

(d:/texlive/2021/texmf-dist/tex/latex/graphics/graphics.sty
Package: graphics 2021/03/04 v1.4d Standard LaTeX Graphics (DPC,SPQR)

(d:/texlive/2021/texmf-dist/tex/latex/graphics/trig.sty
Package: trig 2021/08/11 v1.11 sin cos tan (DPC)
)
(d:/texlive/2021/texmf-dist/tex/latex/graphics-cfg/graphics.cfg
File: graphics.cfg 2016/06/04 v1.11 sample graphics configuration
)
Package graphics Info: Driver file: pdftex.def on input line 107.
)
\Gin@req@height=\dimen166
\Gin@req@width=\dimen167
)
(d:/texlive/2021/texmf-dist/tex/latex/makecmds/makecmds.sty
Package: makecmds 2009/09/03 v1.0a extra command making commands
)
(d:/texlive/2021/texmf-dist/tex/generic/iftex/ifpdf.sty
Package: ifpdf 2019/10/25 v3.4 ifpdf legacy package. Use iftex instead.
)
(d:/texlive/2021/texmf-dist/tex/latex/base/ifthen.sty
Package: ifthen 2020/11/24 v1.1c Standard LaTeX ifthen package (DPC)
)
(d:/texlive/2021/texmf-dist/tex/generic/iftex/ifxetex.sty
Package: ifxetex 2019/10/25 v0.7 ifxetex legacy package. Use iftex instead.
)
\c@ST@inline=\count296
\c@ST@plot=\count297
\c@ST@cmdline=\count298
\sagetexindent=\skip53

(./Template.sagetex.sout)
\sagecommandlineskip=\skip54
)
(d:/texlive/2021/texmf-dist/tex/latex/l3backend/l3backend-pdftex.def
File: l3backend-pdftex.def 2021-10-18 L3 backend support: PDF output (pdfTeX)
\l__color_backend_stack_int=\count299
\l__pdf_internal_box=\box55
)
(./Template.aux (./TitlePage.aux) (./task1.aux) (./task2.aux) (./task3.aux)
(./task4.aux) (./task5.aux) (./task6.aux) (./task7.aux) (./task8.aux)
(./task9.aux) (./task10.aux) (./task11.aux) (./Sources.aux))
\openout1 = `Template.aux'.

LaTeX Font Info:    Checking defaults for OML/cmm/m/it on input line 35.
LaTeX Font Info:    ... okay on input line 35.
LaTeX Font Info:    Checking defaults for OMS/cmsy/m/n on input line 35.
LaTeX Font Info:    ... okay on input line 35.
LaTeX Font Info:    Checking defaults for OT1/cmr/m/n on input line 35.
LaTeX Font Info:    ... okay on input line 35.
LaTeX Font Info:    Checking defaults for T1/cmr/m/n on input line 35.
LaTeX Font Info:    ... okay on input line 35.
LaTeX Font Info:    Checking defaults for TS1/cmr/m/n on input line 35.
LaTeX Font Info:    ... okay on input line 35.
LaTeX Font Info:    Checking defaults for OMX/cmex/m/n on input line 35.
LaTeX Font Info:    ... okay on input line 35.
LaTeX Font Info:    Checking defaults for U/cmr/m/n on input line 35.
LaTeX Font Info:    ... okay on input line 35.
LaTeX Font Info:    Checking defaults for T2A/cmr/m/n on input line 35.
LaTeX Font Info:    ... okay on input line 35.
LaTeX Font Info:    Checking defaults for PD1/pdf/m/n on input line 35.
LaTeX Font Info:    ... okay on input line 35.
LaTeX Font Info:    Checking defaults for PU/pdf/m/n on input line 35.
LaTeX Font Info:    ... okay on input line 35.

*geometry* driver: auto-detecting
*geometry* detected driver: pdftex
*geometry* verbose mode - [ preamble ] result:
* driver: pdftex
* paper: a4paper
* layout: <same size as paper>
* layoutoffset:(h,v)=(0.0pt,0.0pt)
* modes: 
* h-part:(L,W,R)=(71.13188pt, 483.69687pt, 42.67912pt)
* v-part:(T,H,B)=(71.13188pt, 702.78308pt, 71.13188pt)
* \paperwidth=597.50787pt
* \paperheight=845.04684pt
* \textwidth=483.69687pt
* \textheight=702.78308pt
* \oddsidemargin=-1.1381pt
* \evensidemargin=-1.1381pt
* \topmargin=-40.1381pt
* \headheight=14.0pt
* \headsep=25.0pt
* \topskip=14.0pt
* \footskip=30.0pt
* \marginparwidth=15.0pt
* \marginparsep=10.0pt
* \columnsep=10.0pt
* \skip\footins=12.0pt plus 4.0pt minus 2.0pt
* \hoffset=0.0pt
* \voffset=0.0pt
* \mag=1000
* \@twocolumnfalse
* \@twosidefalse
* \@mparswitchfalse
* \@reversemarginfalse
* (1in=72.27pt=25.4mm, 1cm=28.453pt)

(d:/texlive/2021/texmf-dist/tex/latex/ucs/ucsencs.def
File: ucsencs.def 2011/01/21 Fixes to fontencodings LGR, T3
)
LaTeX Info: Redefining \th on input line 35.

(d:/texlive/2021/texmf-dist/tex/context/base/mkii/supp-pdf.mkii
[Loading MPS to PDF converter (version 2006.09.02).]
\scratchcounter=\count300
\scratchdimen=\dimen168
\scratchbox=\box56
\nofMPsegments=\count301
\nofMParguments=\count302
\everyMPshowfont=\toks31
\MPscratchCnt=\count303
\MPscratchDim=\dimen169
\MPnumerator=\count304
\makeMPintoPDFobject=\count305
\everyMPtoPDFconversion=\toks32
) (d:/texlive/2021/texmf-dist/tex/latex/epstopdf-pkg/epstopdf-base.sty
Package: epstopdf-base 2020-01-24 v2.11 Base part for package epstopdf
Package epstopdf-base Info: Redefining graphics rule for `.eps' on input line 4
85.

(d:/texlive/2021/texmf-dist/tex/latex/latexconfig/epstopdf-sys.cfg
File: epstopdf-sys.cfg 2010/07/13 v1.3 Configuration of (r)epstopdf for TeX Liv
e
))
Package hyperref Info: Link coloring OFF on input line 35.

(d:/texlive/2021/texmf-dist/tex/latex/hyperref/nameref.sty
Package: nameref 2021-04-02 v2.47 Cross-referencing by name of section

(d:/texlive/2021/texmf-dist/tex/latex/refcount/refcount.sty
Package: refcount 2019/12/15 v3.6 Data extraction from label references (HO)
)
(d:/texlive/2021/texmf-dist/tex/generic/gettitlestring/gettitlestring.sty
Package: gettitlestring 2019/12/15 v1.6 Cleanup title references (HO)
)
\c@section@level=\count306
)
LaTeX Info: Redefining \ref on input line 35.
LaTeX Info: Redefining \pageref on input line 35.
LaTeX Info: Redefining \nameref on input line 35.

(./Template.out) (./Template.out)
\@outlinefile=\write4
\openout4 = `Template.out'.

\c@lstlisting=\count307
\ST@sf=\write5
\openout5 = `Template.sagetex.sage'.

\openout2 = `TitlePage.aux'.

 (./TitlePage.tex
(d:/texlive/2021/texmf-dist/tex/latex/ucs/data/uni-4.def
File: uni-4.def 2013/05/13 UCS: Unicode data U+0400..U+04FF
)
(d:/texlive/2021/texmf-dist/tex/latex/ucs/data/uni-33.def
File: uni-33.def 2013/05/13 UCS: Unicode data U+2100..U+21FF
)
(d:/texlive/2021/texmf-dist/tex/latex/ucs/data/uni-0.def
File: uni-0.def 2013/05/13 UCS: Unicode data U+0000..U+00FF
)
Underfull \hbox (badness 10000) in paragraph at lines 54--54

 []

LaTeX Font Info:    Trying to load font information for U+msa on input line 54.

(d:/texlive/2021/texmf-dist/tex/latex/amsfonts/umsa.fd
File: umsa.fd 2013/01/14 v3.01 AMS symbols A
)
LaTeX Font Info:    Trying to load font information for U+msb on input line 54.


(d:/texlive/2021/texmf-dist/tex/latex/amsfonts/umsb.fd
File: umsb.fd 2013/01/14 v3.01 AMS symbols B
)) [1


{d:/texlive/2021/texmf-var/fonts/map/pdftex/updmap/pdftex.map}] (./Template.toc

Overfull \hbox (0.53075pt too wide) in paragraph at lines 4--4
 [][] []\T2A/cmr/m/n/14.4 Является ли функция четной или нечетной, является ли 
периодической[] [][]  
 []

)
\tf@toc=\write6
\openout6 = `Template.toc'.

 [2


]
\openout2 = `task1.aux'.

 (./task1.tex
<sage-plots-for-Template.tex/plot-0.pdf, id=141, 452.72893pt x 339.66899pt>
File: sage-plots-for-Template.tex/plot-0.pdf Graphic file (type pdf)
<use sage-plots-for-Template.tex/plot-0.pdf>
Package pdftex.def Info: sage-plots-for-Template.tex/plot-0.pdf  used on input 
line 5.
(pdftex.def)             Requested size: 452.72781pt x 339.66815pt.
 [3

 <./sage-plots-for-Template.tex/plot-0.pdf>]
Overfull \hbox (6.07742pt too wide) in paragraph at lines 23--25
\T2A/cmr/m/n/14.4 По области определения функции $\OML/cmm/m/it/14.4 x \OMS/cms
y/m/n/14.4 6\OT1/cmr/m/n/14.4 = 0$ \T2A/cmr/m/n/14.4 значит функция никогда не 
пересекает
 []


Overfull \hbox (3.89334pt too wide) in paragraph at lines 23--25
\T2A/cmr/m/n/14.4 ось ординат. Найдем точки пересечения графика функции $\OML/c
mm/m/it/14.4 f\OT1/cmr/m/n/14.4 (\OML/cmm/m/it/14.4 x\OT1/cmr/m/n/14.4 )$ \T2A/
cmr/m/n/14.4 с осью абсцисс.
 []

<sage-plots-for-Template.tex/plot-1.pdf, id=163, 452.72893pt x 339.66899pt>
File: sage-plots-for-Template.tex/plot-1.pdf Graphic file (type pdf)
<use sage-plots-for-Template.tex/plot-1.pdf>
Package pdftex.def Info: sage-plots-for-Template.tex/plot-1.pdf  used on input 
line 47.
(pdftex.def)             Requested size: 452.72781pt x 339.66815pt.

Overfull \hbox (31.43945pt too wide) in paragraph at lines 49--49
[][]\T2A/cmr/bx/n/17.28 Непрерывность. Наличие точек разрыва и их классификация
 
 []

[4 <./sage-plots-for-Template.tex/plot-1.pdf>]
Overfull \hbox (54.81369pt too wide) in paragraph at lines 57--57
[][]\T2A/cmr/bx/n/17.28 Асимптоты. Найти необходимые пределы, построить асимпто
ты
 []


Overfull \hbox (15.46487pt too wide) in paragraph at lines 59--60
\T2A/cmr/m/n/14.4 Вертикальные асимптоты проходят через точки разрыва (когда пр
едел функции
 []


LaTeX Warning: Command \cyrh invalid in math mode on input line 61.

Missing character: There is no х in font cmr12!

Overfull \hbox (33.54927pt too wide) in paragraph at lines 61--62
\T2A/cmr/m/n/14.4 является пределом функции при устремлении аргумента функции к
 бесконечности. 
 []


LaTeX Warning: Command \cyrh invalid in math mode on input line 63.

Missing character: There is no х in font cmr12!

Overfull \hbox (21.5451pt too wide) in paragraph at lines 63--64
\T2A/cmr/m/n/14.4 будет отвечать предел отношения функции к аргументу, где посл
едний стремится
 []

<sage-plots-for-Template.tex/plot-2.pdf, id=183, 454.78679pt x 339.15591pt>
File: sage-plots-for-Template.tex/plot-2.pdf Graphic file (type pdf)
<use sage-plots-for-Template.tex/plot-2.pdf>
Package pdftex.def Info: sage-plots-for-Template.tex/plot-2.pdf  used on input 
line 85.
(pdftex.def)             Requested size: 454.78568pt x 339.15508pt.
) [5 <./sage-plots-for-Template.tex/plot-2.pdf>]
\openout2 = `task2.aux'.

 (./Task2.tex
Overfull \hbox (1.21027pt too wide) in paragraph at lines 19--28
\T2A/cmr/m/n/14.4 Решим данную систему методом Крамера. Получаем матрицу коэффи
циентов
 []


Overfull \hbox (0.76048pt too wide) in paragraph at lines 19--28
\OML/cmm/m/it/14.4 A \OT1/cmr/m/n/14.4 = []$ \T2A/cmr/m/n/14.4 и столбец свобод
ных членов $\OML/cmm/m/it/14.4 B \OT1/cmr/m/n/14.4 = []$\T2A/cmr/m/n/14.4 . $\O
ML/cmm/m/it/14.4 D \OT1/cmr/m/n/14.4 = \OML/cmm/m/it/14.4 det\OT1/cmr/m/n/14.4 
(\OML/cmm/m/it/14.4 A\OT1/cmr/m/n/14.4 ) =
 []

(d:/texlive/2021/texmf-dist/tex/latex/ucs/data/uni-32.def
File: uni-32.def 2013/05/13 UCS: Unicode data U+2000..U+20FF
)
Overfull \hbox (19.6951pt too wide) in paragraph at lines 48--50
\T2A/cmr/m/n/14.4 тогда, когда $[] \OML/cmm/m/it/14.4 A \OT1/cmr/m/n/14.4 = [](
\OML/cmm/m/it/14.4 A\OMS/cmsy/m/n/14.4 j\OML/cmm/m/it/14.4 B\OT1/cmr/m/n/14.4 )
$\T2A/cmr/m/n/14.4 , где $\OT1/cmr/m/n/14.4 (\OML/cmm/m/it/14.4 A\OMS/cmsy/m/n/
14.4 j\OML/cmm/m/it/14.4 B\OT1/cmr/m/n/14.4 )$ \T2A/cmr/m/n/14.4 ^^V расширенна
я матрица, полученная
 []

)
Overfull \hbox (50.87611pt too wide) in paragraph at lines 77--41
[]\T2A/cmr/m/n/14.4 Далее необходимо привести матрицу к диагональному виду $[] 
\OMS/cmsy/m/n/14.4 ^^X
 []

[6



]
\openout2 = `task3.aux'.

 (./task3.tex
Underfull \hbox (badness 10000) in paragraph at lines 10--12

 []


Underfull \hbox (badness 10000) in paragraph at lines 13--15

 []


Underfull \hbox (badness 10000) in paragraph at lines 42--43

 []


Underfull \hbox (badness 10000) in paragraph at lines 46--47

 []

) [7



]
\openout2 = `task4.aux'.

 (./task4.tex
Overfull \hbox (59.6283pt too wide) in paragraph at lines 1--1
[]\T2A/cmr/bx/n/20.74 Решение алгебраических уравнений третей степени 
 []


Overfull \hbox (49.17123pt too wide) in paragraph at lines 14--15
[]\T2A/cmr/m/n/14.4 Если все коэффициенты кубического уравнения вещественны, то
 и Q вещественно,
 []


Overfull \hbox (1.77269pt too wide) in paragraph at lines 22--23
[]\T2A/cmr/m/n/14.4 По формуле Кардано, корни кубического уравнения в каноничес
кой форме
 []


Overfull \hbox (1.94847pt too wide) in paragraph at lines 86--90
\T2A/cmr/m/n/14.4 Корни уравнения в алгебраическом, тригонометрическом и экспон
енциальном
 []

<sage-plots-for-Template.tex/plot-3.pdf, id=209, 454.78679pt x 339.42761pt>
File: sage-plots-for-Template.tex/plot-3.pdf Graphic file (type pdf)
<use sage-plots-for-Template.tex/plot-3.pdf>
Package pdftex.def Info: sage-plots-for-Template.tex/plot-3.pdf  used on input 
line 110.
(pdftex.def)             Requested size: 454.78568pt x 339.42677pt.
) [8



] [9 <./sage-plots-for-Template.tex/plot-3.pdf>]
\openout2 = `task5.aux'.

 (./task5.tex
Overfull \hbox (12.18443pt too wide) in paragraph at lines 1--1
[]\T2A/cmr/bx/n/20.74 Решение алгебраических уравнений четвертой
 []


Overfull \hbox (4.06763pt too wide) in paragraph at lines 51--52
[]\T2A/cmr/m/n/14.4 На втором этапе полученные уравнения решаются при помощи ра
зложения
 []


Overfull \hbox (30.11534pt too wide) in paragraph at lines 51--52
\T2A/cmr/m/n/14.4 на множители, однако для того, чтобы найти требуемое разложен
ие на множители,
 []


Underfull \hbox (badness 10000) in paragraph at lines 79--81

 []

<sage-plots-for-Template.tex/plot-4.pdf, id=231, 454.78679pt x 339.66899pt>
File: sage-plots-for-Template.tex/plot-4.pdf Graphic file (type pdf)
<use sage-plots-for-Template.tex/plot-4.pdf>
Package pdftex.def Info: sage-plots-for-Template.tex/plot-4.pdf  used on input 
line 90.
(pdftex.def)             Requested size: 454.78568pt x 339.66815pt.
) [10



] [11 <./sage-plots-for-Template.tex/plot-4.pdf>]
\openout2 = `task6.aux'.

 (./task6.tex
Underfull \hbox (badness 10000) in paragraph at lines 59--63

 []

) [12



]
\openout2 = `task7.aux'.

 (./task7.tex
Overfull \hbox (36.06145pt too wide) in paragraph at lines 1--1
[]\T2A/cmr/bx/n/20.74 Линейные преобразования и характеристическое
 []

) [13



]
\openout2 = `task8.aux'.

 (./task8.tex
<sage-plots-for-Template.tex/plot-5.png, id=261, 501.875pt x 501.875pt>
File: sage-plots-for-Template.tex/plot-5.png Graphic file (type png)
<use sage-plots-for-Template.tex/plot-5.png>
Package pdftex.def Info: sage-plots-for-Template.tex/plot-5.png  used on input 
line 69.
(pdftex.def)             Requested size: 398.33858pt x 398.36076pt.
 (d:/texlive/2021/texmf-dist/tex/latex/ucs/data/uni-34.def
File: uni-34.def 2013/05/13 UCS: Unicode data U+2200..U+22FF
)
Overfull \hbox (22.28137pt too wide) in paragraph at lines 89--90
[]\T2A/cmr/m/n/14.4 Найдем взаимно перпендикулярные единичные собственные векто
ры $\OML/cmm/m/it/14.4 s[]; s[]; s[]$\T2A/cmr/m/n/14.4 ,
 []


Overfull \hbox (18.33505pt too wide) in paragraph at lines 89--90
\T2A/cmr/m/n/14.4 соответствующие собственным числам, и составим из них матрицу
 $\OML/cmm/m/it/14.4 S \OT1/cmr/m/n/14.4 = (\OML/cmm/m/it/14.4 s[]\OMS/cmsy/m/n
/14.4 j\OML/cmm/m/it/14.4 s[]\OMS/cmsy/m/n/14.4 j\OML/cmm/m/it/14.4 s[]\OT1/cmr
/m/n/14.4 )\OML/cmm/m/it/14.4 :$
 []

[14



 <./sage-plots-for-Template.tex/plot-5.png (PNG copy)>]
Overfull \hbox (8.43848pt too wide) in paragraph at lines 126--127
[]\T2A/cmr/m/n/14.4 Дополним до полного квадрата линейные и квадратичные члены,
 перенесем
 []


Overfull \hbox (14.1149pt too wide) in paragraph at lines 137--138
[]\T2A/cmr/m/n/14.4 Теперь заменим значения в скобках на соответствующие переме
нные $\OML/cmm/m/it/14.4 X; Y; Z$\T2A/cmr/m/n/14.4 .
 []

<sage-plots-for-Template.tex/plot-6.png, id=268, 501.875pt x 501.875pt>
File: sage-plots-for-Template.tex/plot-6.png Graphic file (type png)
<use sage-plots-for-Template.tex/plot-6.png>
Package pdftex.def Info: sage-plots-for-Template.tex/plot-6.png  used on input 
line 145.
(pdftex.def)             Requested size: 398.33858pt x 398.36076pt.
[15]) [16 <./sage-plots-for-Template.tex/plot-6.png (PNG copy)>]
\openout2 = `task9.aux'.

 (./task9.tex
Underfull \hbox (badness 10000) in paragraph at lines 74--76
\T2A/cmr/m/n/14.4 прямоугольников. Площадь
 []


Underfull \hbox (badness 10000) in paragraph at lines 74--76
\T2A/cmr/m/n/14.4 численно равна интегралу:
 []

<sage-plots-for-Template.tex/plot-7.pdf, id=280, 454.00282pt x 338.37286pt>
File: sage-plots-for-Template.tex/plot-7.pdf Graphic file (type pdf)
<use sage-plots-for-Template.tex/plot-7.pdf>
Package pdftex.def Info: sage-plots-for-Template.tex/plot-7.pdf  used on input 
line 79.
(pdftex.def)             Requested size: 199.16928pt x 148.44048pt.

Overfull \hbox (5.6935pt too wide) in paragraph at lines 79--80
[][]
 []


Underfull \hbox (badness 10000) in paragraph at lines 79--80

 []


Overfull \hbox (12.76924pt too wide) in paragraph at lines 84--87
[]$\T2A/cmr/m/n/14.4 . Данная величина называется шагом разбиения. С помощью ша
га разбиения
 []

<sage-plots-for-Template.tex/plot-8.pdf, id=281, 454.00282pt x 278.52556pt>
File: sage-plots-for-Template.tex/plot-8.pdf Graphic file (type pdf)
<use sage-plots-for-Template.tex/plot-8.pdf>
Package pdftex.def Info: sage-plots-for-Template.tex/plot-8.pdf  used on input 
line 91.
(pdftex.def)             Requested size: 199.16928pt x 122.18613pt.
<sage-plots-for-Template.tex/plot-9.pdf, id=282, 454.00282pt x 278.52556pt>
File: sage-plots-for-Template.tex/plot-9.pdf Graphic file (type pdf)
<use sage-plots-for-Template.tex/plot-9.pdf>
Package pdftex.def Info: sage-plots-for-Template.tex/plot-9.pdf  used on input 
line 92.
(pdftex.def)             Requested size: 199.16928pt x 122.18613pt.
<sage-plots-for-Template.tex/plot-10.pdf, id=283, 454.00282pt x 278.52556pt>
File: sage-plots-for-Template.tex/plot-10.pdf Graphic file (type pdf)
<use sage-plots-for-Template.tex/plot-10.pdf>
Package pdftex.def Info: sage-plots-for-Template.tex/plot-10.pdf  used on input
 line 94.
(pdftex.def)             Requested size: 199.16928pt x 122.18613pt.
<sage-plots-for-Template.tex/plot-11.pdf, id=284, 454.00282pt x 278.52556pt>
File: sage-plots-for-Template.tex/plot-11.pdf Graphic file (type pdf)
<use sage-plots-for-Template.tex/plot-11.pdf>
Package pdftex.def Info: sage-plots-for-Template.tex/plot-11.pdf  used on input
 line 95.
(pdftex.def)             Requested size: 199.16928pt x 122.18613pt.

Overfull \hbox (21.76547pt too wide) in paragraph at lines 98--99
[]\T2A/cmr/m/n/14.4 Значение интеграла полученное методом прямоугольников с шаг
ом разбиения
 []

[17



 <./sage-plots-for-Template.tex/plot-7.pdf> <./sage-plots-for-Template.tex/plot
-8.pdf

pdfTeX warning: pdflatex.exe (file ./sage-plots-for-Template.tex/plot-8.pdf): P
DF inclusion: multiple pdfs with page group included in a single page
> <./sage-plots-for-Template.tex/plot-9.pdf

pdfTeX warning: pdflatex.exe (file ./sage-plots-for-Template.tex/plot-9.pdf): P
DF inclusion: multiple pdfs with page group included in a single page
> <./sage-plots-for-Template.tex/plot-10.pdf

pdfTeX warning: pdflatex.exe (file ./sage-plots-for-Template.tex/plot-10.pdf): 
PDF inclusion: multiple pdfs with page group included in a single page
> <./sage-plots-for-Template.tex/plot-11.pdf

pdfTeX warning: pdflatex.exe (file ./sage-plots-for-Template.tex/plot-11.pdf): 
PDF inclusion: multiple pdfs with page group included in a single page
>]
Overfull \hbox (7.49086pt too wide) in paragraph at lines 108--109
[]\T2A/cmr/m/n/14.4 Численно интеграл будет равен сумме площадей маленьких прям
оугольных
 []

<sage-plots-for-Template.tex/plot-12.pdf, id=356, 454.00282pt x 278.52592pt>
File: sage-plots-for-Template.tex/plot-12.pdf Graphic file (type pdf)
<use sage-plots-for-Template.tex/plot-12.pdf>
Package pdftex.def Info: sage-plots-for-Template.tex/plot-12.pdf  used on input
 line 113.
(pdftex.def)             Requested size: 199.16928pt x 122.18628pt.
<sage-plots-for-Template.tex/plot-13.pdf, id=357, 454.00282pt x 278.52592pt>
File: sage-plots-for-Template.tex/plot-13.pdf Graphic file (type pdf)
<use sage-plots-for-Template.tex/plot-13.pdf>
Package pdftex.def Info: sage-plots-for-Template.tex/plot-13.pdf  used on input
 line 114.
(pdftex.def)             Requested size: 199.16928pt x 122.18628pt.
<sage-plots-for-Template.tex/plot-14.pdf, id=358, 454.00282pt x 278.52592pt>
File: sage-plots-for-Template.tex/plot-14.pdf Graphic file (type pdf)
<use sage-plots-for-Template.tex/plot-14.pdf>
Package pdftex.def Info: sage-plots-for-Template.tex/plot-14.pdf  used on input
 line 116.
(pdftex.def)             Requested size: 199.16928pt x 122.18628pt.
<sage-plots-for-Template.tex/plot-15.pdf, id=359, 454.00282pt x 278.52592pt>
File: sage-plots-for-Template.tex/plot-15.pdf Graphic file (type pdf)
<use sage-plots-for-Template.tex/plot-15.pdf>
Package pdftex.def Info: sage-plots-for-Template.tex/plot-15.pdf  used on input
 line 117.
(pdftex.def)             Requested size: 199.16928pt x 122.18628pt.
) [18 <./sage-plots-for-Template.tex/plot-12.pdf> <./sage-plots-for-Template.te
x/plot-13.pdf

pdfTeX warning: pdflatex.exe (file ./sage-plots-for-Template.tex/plot-13.pdf): 
PDF inclusion: multiple pdfs with page group included in a single page
> <./sage-plots-for-Template.tex/plot-14.pdf

pdfTeX warning: pdflatex.exe (file ./sage-plots-for-Template.tex/plot-14.pdf): 
PDF inclusion: multiple pdfs with page group included in a single page
> <./sage-plots-for-Template.tex/plot-15.pdf

pdfTeX warning: pdflatex.exe (file ./sage-plots-for-Template.tex/plot-15.pdf): 
PDF inclusion: multiple pdfs with page group included in a single page
>]
\openout2 = `task10.aux'.

 (./task10.tex
Overfull \hbox (39.45833pt too wide) in paragraph at lines 27--28
\T2A/cmr/m/n/14.4 Метод касательных (метод Ньютона) предназначен для приближенн
ого нахождения
 []

<sage-plots-for-Template.tex/plot-16.pdf, id=418, 454.50427pt x 338.71452pt>
File: sage-plots-for-Template.tex/plot-16.pdf Graphic file (type pdf)
<use sage-plots-for-Template.tex/plot-16.pdf>
Package pdftex.def Info: sage-plots-for-Template.tex/plot-16.pdf  used on input
 line 47.
(pdftex.def)             Requested size: 284.52756pt x 212.04233pt.
<sage-plots-for-Template.tex/plot-17.pdf, id=419, 454.50427pt x 339.66899pt>
File: sage-plots-for-Template.tex/plot-17.pdf Graphic file (type pdf)
<use sage-plots-for-Template.tex/plot-17.pdf>
Package pdftex.def Info: sage-plots-for-Template.tex/plot-17.pdf  used on input
 line 51.
(pdftex.def)             Requested size: 454.50316pt x 339.66815pt.
) [19



 <./sage-plots-for-Template.tex/plot-16.pdf>] [20 <./sage-plots-for-Template.te
x/plot-17.pdf>]
\openout2 = `task11.aux'.

 (./task11.tex) [21



]
\openout2 = `Sources.aux'.

 (./Sources.tex
Overfull \hbox (14.34549pt too wide) in paragraph at lines 12--13
[]\T2A/cmr/m/n/14.4 <<Киркинский А.С. Линейная алгебра и аналитическая геометри
я: Учебное
 []

) [22



]
*********************************************************************
(./Template.aux (./TitlePage.aux) (./task1.aux) (./task2.aux) (./task3.aux)
(./task4.aux) (./task5.aux) (./task6.aux) (./task7.aux) (./task8.aux)
(./task9.aux) (./task10.aux) (./task11.aux) (./Sources.aux))
Package rerunfilecheck Info: File `Template.out' has not changed.
(rerunfilecheck)             Checksum: 11C1337ED1DAE717FFEAB864167CACA4;7647.
 ) 
Here is how much of TeX's memory you used:
 16881 strings out of 479467
 258090 string characters out of 5872531
 555753 words of memory out of 5000000
 34444 multiletter control sequences out of 15000+600000
 410907 words of font info for 44 fonts, out of 8000000 for 9000
 430 hyphenation exceptions out of 8191
 70i,8n,76p,933b,684s stack positions out of 5000i,500n,10000p,200000b,80000s
{d:/texlive/2021/texmf-dist/fonts/enc/dvips/cm-super/cm-super-t2a.enc}<d:/tex
live/2021/texmf-dist/fonts/type1/public/amsfonts/cm/cmex10.pfb><d:/texlive/2021
/texmf-dist/fonts/type1/public/amsfonts/cm/cmmi10.pfb><d:/texlive/2021/texmf-di
st/fonts/type1/public/amsfonts/cm/cmmi12.pfb><d:/texlive/2021/texmf-dist/fonts/
type1/public/amsfonts/cm/cmmi7.pfb><d:/texlive/2021/texmf-dist/fonts/type1/publ
ic/amsfonts/cm/cmr10.pfb><d:/texlive/2021/texmf-dist/fonts/type1/public/amsfont
s/cm/cmr12.pfb><d:/texlive/2021/texmf-dist/fonts/type1/public/amsfonts/cm/cmr7.
pfb><d:/texlive/2021/texmf-dist/fonts/type1/public/amsfonts/cm/cmsy10.pfb><d:/t
exlive/2021/texmf-dist/fonts/type1/public/amsfonts/cm/cmsy7.pfb><d:/texlive/202
1/texmf-dist/fonts/type1/public/amsfonts/symbols/msbm10.pfb><d:/texlive/2021/te
xmf-dist/fonts/type1/public/cm-super/sfbx1440.pfb><d:/texlive/2021/texmf-dist/f
onts/type1/public/cm-super/sfbx1728.pfb><d:/texlive/2021/texmf-dist/fonts/type1
/public/cm-super/sfbx2074.pfb><d:/texlive/2021/texmf-dist/fonts/type1/public/cm
-super/sfrm1440.pfb><d:/texlive/2021/texmf-dist/fonts/type1/public/cm-super/sfr
m1728.pfb>
Output written on Template.pdf (22 pages, 448210 bytes).
PDF statistics:
 557 PDF objects out of 1000 (max. 8388607)
 359 compressed objects within 4 object streams
 58 named destinations out of 1000 (max. 500000)
 295 words of extra memory for PDF output out of 10000 (max. 10000000)

